Starting program
Reading from file: ./accs/ViprBRC-07-20-2022-accession-genes.acc as dataset 1
Reading from file: ./accs/NCBI-07-20-2022-accesssion-genes.acc as dataset 2


In database VIPRBRC, but not in NCBI: ['AB161717', 'AB161718', 'AB161719', 'AB189072', 'AB189073', 'AB189074', 'AB189075', 'AB630970',
 'AB630971', 'AB698071', 'AB890001', 'AB890374', 'AF082843', 'D10330', 'KY436505', 'KY436506', 'KY436507', 'KY929403', 'KY929404',
 'LC177788', 'LC177789', 'LC177790', 'LC177791', 'LC177792', 'LC603639', 'LF848974', 'LY647099', 'M74506', 'MD194687', 'MF444033', 'MF444083', 'MF444086
', 'MF444119', 'MF444145', 'MH377721', 'MH377722', 'MH377723', 'MH377724', 'MH377725', 'MH377726', 'MH377727', 'MK050463', 'MK330953', 'MN714358', 'MZ923533', 
'MZ923536', 'MZ983635'] of size 47
=================================================================

In database NCBI, but not in VIPRBRC: ['AB073912', 'AB097811', 'AB481226', 'AB481227', 'AB481228', 'AB481229',
 'AB593690', 'AF051830', 'AF076239', 'AF444002', 'AF444003', 'AF455784', 'AF459438', 'AJ272108', 'AY115488', 'AY230202',
 'AY575857', 'AY575858', 'AY575859', 'AY594199', 'AY723745', 'DQ279091', 'DQ450072', 'DQ459342', 'EF077630', 'EF570133',
 'EU360977', 'EU366959', 'EU375463', 'EU495148', 'EU676172', 'EU723512', 'EU723513', 'EU723514', 'EU723515', 'EU723516',
'FJ426403', 'FJ426404', 'FJ457024', 'FJ527832', 'FJ610232', 'FJ653660', 'FJ705359', 'FJ763142', 'FJ906895', 'FJ906896', 
'FJ956757', 'FJ998008', 'GU119960', 'GU119961', 'GU188851', 'GU206559', 'GU345043', 'GU361892', 'GU937805', 'HM439284', 
'HQ389543', 'HQ389544', 'HQ634346', 'HQ709170', 'JF443717', 'JF443718', 'JF443719', 'JF443720', 'JF443721', 'JF443722',
'JF443723', 'JF443724', 'JF443725', 'JF443726', 'JF915746', 'JN167537', 'JN167538', 'JN837481', 'JN906974', 'JN906975', 
'JN906976', 'JQ655733', 'JQ655734', 'JQ655735', 'JQ655736', 'JQ679013', 'JQ679014', 'JQ740781', 'JQ768461', 'JQ953664',
 'JQ953665', 'JQ953666', 'JQ993308', 'JX109834', 'JX120573', 'JX121233', 'JX565469', 'JX855794', 'KC163335', 'KC492825', 
'KC618402', 'KC618403', 'KC692453', 'KF176351', 'KF736234', 'KJ013414', 'KJ013415', 'KJ155502', 'KJ496144', 'KJ507955', 
'KJ507956', 'KM253769', 'KR872414', 'KR872415', 'KR872416', 'KR872417', 'KT447526', 'KT447527', 'KT447528', 'KT633715', '
KT727028', 'KU356182', 'KU356183', 'KU356184', 'KU356185', 'KU356186', 'KU356187', 'KU356188', 'KU356189', 'LC042232', 'LC055972',
 'LC055973', 'LR777863', 'LR777864', 'LR777865', 'LR777866', 'M94177', 'MW002523', 'OL658617', 'X98292'] of size 136
